0 info it worked if it ends with ok
1 verbose cli [ '/usr/bin/node',
1 verbose cli   '/usr/bin/npm',
1 verbose cli   'install',
1 verbose cli   '--prefix',
1 verbose cli   '.',
1 verbose cli   '--development',
1 verbose cli   '--loglevel',
1 verbose cli   'error' ]
2 info using npm@1.4.28
3 info using node@v0.10.33
4 verbose node symlink /usr/bin/node
5 warn package.json woogeen.sdk@2.0.0 No repository field.
6 warn package.json woogeen.sdk@2.0.0 No README data
7 verbose readDependencies using package.json deps
8 verbose install where, deps [ '/home/webrtc/yxian/licode/source/sdk2/scripts',
8 verbose install   [ 'grunt',
8 verbose install     'grunt-cli',
8 verbose install     'grunt-contrib-concat',
8 verbose install     'grunt-contrib-uglify',
8 verbose install     'grunt-contrib-jshint' ] ]
9 info preinstall woogeen.sdk@2.0.0
10 verbose readDependencies using package.json deps
11 verbose cache add [ 'grunt@~0.4.0', null ]
12 verbose cache add name=undefined spec="grunt@~0.4.0" args=["grunt@~0.4.0",null]
13 verbose parsed url { protocol: null,
13 verbose parsed url   slashes: null,
13 verbose parsed url   auth: null,
13 verbose parsed url   host: null,
13 verbose parsed url   port: null,
13 verbose parsed url   hostname: null,
13 verbose parsed url   hash: null,
13 verbose parsed url   search: null,
13 verbose parsed url   query: null,
13 verbose parsed url   pathname: 'grunt@~0.4.0',
13 verbose parsed url   path: 'grunt@~0.4.0',
13 verbose parsed url   href: 'grunt@~0.4.0' }
14 verbose cache add [ 'grunt-cli@~0.1.6', null ]
15 verbose cache add name=undefined spec="grunt-cli@~0.1.6" args=["grunt-cli@~0.1.6",null]
16 verbose parsed url { protocol: null,
16 verbose parsed url   slashes: null,
16 verbose parsed url   auth: null,
16 verbose parsed url   host: null,
16 verbose parsed url   port: null,
16 verbose parsed url   hostname: null,
16 verbose parsed url   hash: null,
16 verbose parsed url   search: null,
16 verbose parsed url   query: null,
16 verbose parsed url   pathname: 'grunt-cli@~0.1.6',
16 verbose parsed url   path: 'grunt-cli@~0.1.6',
16 verbose parsed url   href: 'grunt-cli@~0.1.6' }
17 verbose cache add name="grunt" spec="~0.4.0" args=["grunt","~0.4.0"]
18 verbose parsed url { protocol: null,
18 verbose parsed url   slashes: null,
18 verbose parsed url   auth: null,
18 verbose parsed url   host: null,
18 verbose parsed url   port: null,
18 verbose parsed url   hostname: null,
18 verbose parsed url   hash: null,
18 verbose parsed url   search: null,
18 verbose parsed url   query: null,
18 verbose parsed url   pathname: '~0.4.0',
18 verbose parsed url   path: '~0.4.0',
18 verbose parsed url   href: '~0.4.0' }
19 verbose addNamed [ 'grunt', '~0.4.0' ]
20 verbose addNamed [ null, '>=0.4.0-0 <0.5.0-0' ]
21 verbose cache add [ 'grunt-contrib-concat@~0.1.3', null ]
22 verbose cache add name=undefined spec="grunt-contrib-concat@~0.1.3" args=["grunt-contrib-concat@~0.1.3",null]
23 verbose parsed url { protocol: null,
23 verbose parsed url   slashes: null,
23 verbose parsed url   auth: null,
23 verbose parsed url   host: null,
23 verbose parsed url   port: null,
23 verbose parsed url   hostname: null,
23 verbose parsed url   hash: null,
23 verbose parsed url   search: null,
23 verbose parsed url   query: null,
23 verbose parsed url   pathname: 'grunt-contrib-concat@~0.1.3',
23 verbose parsed url   path: 'grunt-contrib-concat@~0.1.3',
23 verbose parsed url   href: 'grunt-contrib-concat@~0.1.3' }
24 verbose cache add name="grunt-cli" spec="~0.1.6" args=["grunt-cli","~0.1.6"]
25 verbose parsed url { protocol: null,
25 verbose parsed url   slashes: null,
25 verbose parsed url   auth: null,
25 verbose parsed url   host: null,
25 verbose parsed url   port: null,
25 verbose parsed url   hostname: null,
25 verbose parsed url   hash: null,
25 verbose parsed url   search: null,
25 verbose parsed url   query: null,
25 verbose parsed url   pathname: '~0.1.6',
25 verbose parsed url   path: '~0.1.6',
25 verbose parsed url   href: '~0.1.6' }
26 verbose addNamed [ 'grunt-cli', '~0.1.6' ]
27 verbose addNamed [ null, '>=0.1.6-0 <0.2.0-0' ]
28 silly lockFile cba964e3-grunt-0-4-0 grunt@~0.4.0
29 verbose lock grunt@~0.4.0 /home/webrtc/.npm/cba964e3-grunt-0-4-0.lock
30 silly lockFile 20815348-grunt-cli-0-1-6 grunt-cli@~0.1.6
31 verbose lock grunt-cli@~0.1.6 /home/webrtc/.npm/20815348-grunt-cli-0-1-6.lock
32 verbose cache add [ 'grunt-contrib-uglify@~0.2.0', null ]
33 verbose cache add name=undefined spec="grunt-contrib-uglify@~0.2.0" args=["grunt-contrib-uglify@~0.2.0",null]
34 verbose parsed url { protocol: null,
34 verbose parsed url   slashes: null,
34 verbose parsed url   auth: null,
34 verbose parsed url   host: null,
34 verbose parsed url   port: null,
34 verbose parsed url   hostname: null,
34 verbose parsed url   hash: null,
34 verbose parsed url   search: null,
34 verbose parsed url   query: null,
34 verbose parsed url   pathname: 'grunt-contrib-uglify@~0.2.0',
34 verbose parsed url   path: 'grunt-contrib-uglify@~0.2.0',
34 verbose parsed url   href: 'grunt-contrib-uglify@~0.2.0' }
35 verbose cache add name="grunt-contrib-concat" spec="~0.1.3" args=["grunt-contrib-concat","~0.1.3"]
36 verbose parsed url { protocol: null,
36 verbose parsed url   slashes: null,
36 verbose parsed url   auth: null,
36 verbose parsed url   host: null,
36 verbose parsed url   port: null,
36 verbose parsed url   hostname: null,
36 verbose parsed url   hash: null,
36 verbose parsed url   search: null,
36 verbose parsed url   query: null,
36 verbose parsed url   pathname: '~0.1.3',
36 verbose parsed url   path: '~0.1.3',
36 verbose parsed url   href: '~0.1.3' }
37 verbose addNamed [ 'grunt-contrib-concat', '~0.1.3' ]
38 verbose addNamed [ null, '>=0.1.3-0 <0.2.0-0' ]
39 silly lockFile dfacc275-grunt-contrib-concat-0-1-3 grunt-contrib-concat@~0.1.3
40 verbose lock grunt-contrib-concat@~0.1.3 /home/webrtc/.npm/dfacc275-grunt-contrib-concat-0-1-3.lock
41 verbose cache add [ 'grunt-contrib-jshint@~0.3.0', null ]
42 verbose cache add name=undefined spec="grunt-contrib-jshint@~0.3.0" args=["grunt-contrib-jshint@~0.3.0",null]
43 verbose parsed url { protocol: null,
43 verbose parsed url   slashes: null,
43 verbose parsed url   auth: null,
43 verbose parsed url   host: null,
43 verbose parsed url   port: null,
43 verbose parsed url   hostname: null,
43 verbose parsed url   hash: null,
43 verbose parsed url   search: null,
43 verbose parsed url   query: null,
43 verbose parsed url   pathname: 'grunt-contrib-jshint@~0.3.0',
43 verbose parsed url   path: 'grunt-contrib-jshint@~0.3.0',
43 verbose parsed url   href: 'grunt-contrib-jshint@~0.3.0' }
44 verbose cache add name="grunt-contrib-uglify" spec="~0.2.0" args=["grunt-contrib-uglify","~0.2.0"]
45 verbose parsed url { protocol: null,
45 verbose parsed url   slashes: null,
45 verbose parsed url   auth: null,
45 verbose parsed url   host: null,
45 verbose parsed url   port: null,
45 verbose parsed url   hostname: null,
45 verbose parsed url   hash: null,
45 verbose parsed url   search: null,
45 verbose parsed url   query: null,
45 verbose parsed url   pathname: '~0.2.0',
45 verbose parsed url   path: '~0.2.0',
45 verbose parsed url   href: '~0.2.0' }
46 verbose addNamed [ 'grunt-contrib-uglify', '~0.2.0' ]
47 verbose addNamed [ null, '>=0.2.0-0 <0.3.0-0' ]
48 silly lockFile 2cc6dac2-grunt-contrib-uglify-0-2-0 grunt-contrib-uglify@~0.2.0
49 verbose lock grunt-contrib-uglify@~0.2.0 /home/webrtc/.npm/2cc6dac2-grunt-contrib-uglify-0-2-0.lock
50 silly addNameRange { name: 'grunt', range: '>=0.4.0-0 <0.5.0-0', hasData: false }
51 silly addNameRange { name: 'grunt-cli',
51 silly addNameRange   range: '>=0.1.6-0 <0.2.0-0',
51 silly addNameRange   hasData: false }
52 verbose cache add name="grunt-contrib-jshint" spec="~0.3.0" args=["grunt-contrib-jshint","~0.3.0"]
53 verbose parsed url { protocol: null,
53 verbose parsed url   slashes: null,
53 verbose parsed url   auth: null,
53 verbose parsed url   host: null,
53 verbose parsed url   port: null,
53 verbose parsed url   hostname: null,
53 verbose parsed url   hash: null,
53 verbose parsed url   search: null,
53 verbose parsed url   query: null,
53 verbose parsed url   pathname: '~0.3.0',
53 verbose parsed url   path: '~0.3.0',
53 verbose parsed url   href: '~0.3.0' }
54 verbose addNamed [ 'grunt-contrib-jshint', '~0.3.0' ]
55 verbose addNamed [ null, '>=0.3.0-0 <0.4.0-0' ]
56 silly lockFile 7e4447a2-grunt-contrib-jshint-0-3-0 grunt-contrib-jshint@~0.3.0
57 verbose lock grunt-contrib-jshint@~0.3.0 /home/webrtc/.npm/7e4447a2-grunt-contrib-jshint-0-3-0.lock
58 silly addNameRange { name: 'grunt-contrib-concat',
58 silly addNameRange   range: '>=0.1.3-0 <0.2.0-0',
58 silly addNameRange   hasData: false }
59 verbose request where is /grunt
60 verbose request registry https://registry.npmjs.org/
61 verbose request id bbdbf6412aafdf2d
62 verbose url raw /grunt
63 verbose url resolving [ 'https://registry.npmjs.org/', './grunt' ]
64 verbose url resolved https://registry.npmjs.org/grunt
65 verbose request where is https://registry.npmjs.org/grunt
66 info trying registry request attempt 1 at 09:54:15
67 http GET https://registry.npmjs.org/grunt
68 silly addNameRange { name: 'grunt-contrib-uglify',
68 silly addNameRange   range: '>=0.2.0-0 <0.3.0-0',
68 silly addNameRange   hasData: false }
69 verbose request where is /grunt-contrib-concat
70 verbose request registry https://registry.npmjs.org/
71 verbose url raw /grunt-contrib-concat
72 verbose url resolving [ 'https://registry.npmjs.org/', './grunt-contrib-concat' ]
73 verbose url resolved https://registry.npmjs.org/grunt-contrib-concat
74 verbose request where is https://registry.npmjs.org/grunt-contrib-concat
75 info trying registry request attempt 1 at 09:54:15
76 http GET https://registry.npmjs.org/grunt-contrib-concat
77 silly addNameRange { name: 'grunt-contrib-jshint',
77 silly addNameRange   range: '>=0.3.0-0 <0.4.0-0',
77 silly addNameRange   hasData: false }
78 verbose request where is /grunt-contrib-uglify
79 verbose request registry https://registry.npmjs.org/
80 verbose url raw /grunt-contrib-uglify
81 verbose url resolving [ 'https://registry.npmjs.org/', './grunt-contrib-uglify' ]
82 verbose url resolved https://registry.npmjs.org/grunt-contrib-uglify
83 verbose request where is https://registry.npmjs.org/grunt-contrib-uglify
84 info trying registry request attempt 1 at 09:54:15
85 http GET https://registry.npmjs.org/grunt-contrib-uglify
86 verbose request where is /grunt-contrib-jshint
87 verbose request registry https://registry.npmjs.org/
88 verbose url raw /grunt-contrib-jshint
89 verbose url resolving [ 'https://registry.npmjs.org/', './grunt-contrib-jshint' ]
90 verbose url resolved https://registry.npmjs.org/grunt-contrib-jshint
91 verbose request where is https://registry.npmjs.org/grunt-contrib-jshint
92 info trying registry request attempt 1 at 09:54:15
93 http GET https://registry.npmjs.org/grunt-contrib-jshint
94 verbose request where is /grunt-cli
95 verbose request registry https://registry.npmjs.org/
96 verbose url raw /grunt-cli
97 verbose url resolving [ 'https://registry.npmjs.org/', './grunt-cli' ]
98 verbose url resolved https://registry.npmjs.org/grunt-cli
99 verbose request where is https://registry.npmjs.org/grunt-cli
100 info trying registry request attempt 1 at 09:54:15
101 verbose etag "E3BI2QO4XDSKVDFE2LP5GI0E"
102 http GET https://registry.npmjs.org/grunt-cli
103 info retry will retry, error on last attempt: Error: tunneling socket could not be established, cause=46912496362368:error:140770FC:SSL routines:SSL23_GET_SERVER_HELLO:unknown protocol:../deps/openssl/openssl/ssl/s23_clnt.c:795:
104 info retry will retry, error on last attempt: Error: tunneling socket could not be established, cause=46912496362368:error:140770FC:SSL routines:SSL23_GET_SERVER_HELLO:unknown protocol:../deps/openssl/openssl/ssl/s23_clnt.c:795:
105 info retry will retry, error on last attempt: Error: tunneling socket could not be established, cause=46912496362368:error:140770FC:SSL routines:SSL23_GET_SERVER_HELLO:unknown protocol:../deps/openssl/openssl/ssl/s23_clnt.c:795:
106 info retry will retry, error on last attempt: Error: tunneling socket could not be established, cause=46912496362368:error:140770FC:SSL routines:SSL23_GET_SERVER_HELLO:unknown protocol:../deps/openssl/openssl/ssl/s23_clnt.c:795:
107 info retry will retry, error on last attempt: Error: tunneling socket could not be established, cause=46912496362368:error:140770FC:SSL routines:SSL23_GET_SERVER_HELLO:unknown protocol:../deps/openssl/openssl/ssl/s23_clnt.c:795:
108 info trying registry request attempt 2 at 09:54:25
109 http GET https://registry.npmjs.org/grunt
110 info trying registry request attempt 2 at 09:54:25
111 http GET https://registry.npmjs.org/grunt-contrib-concat
112 info trying registry request attempt 2 at 09:54:25
113 http GET https://registry.npmjs.org/grunt-contrib-uglify
114 info trying registry request attempt 2 at 09:54:25
115 verbose etag "E3BI2QO4XDSKVDFE2LP5GI0E"
116 http GET https://registry.npmjs.org/grunt-cli
117 info trying registry request attempt 2 at 09:54:25
118 http GET https://registry.npmjs.org/grunt-contrib-jshint
119 info retry will retry, error on last attempt: Error: tunneling socket could not be established, cause=46912496362368:error:140770FC:SSL routines:SSL23_GET_SERVER_HELLO:unknown protocol:../deps/openssl/openssl/ssl/s23_clnt.c:795:
120 info retry will retry, error on last attempt: Error: tunneling socket could not be established, cause=46912496362368:error:140770FC:SSL routines:SSL23_GET_SERVER_HELLO:unknown protocol:../deps/openssl/openssl/ssl/s23_clnt.c:795:
121 info retry will retry, error on last attempt: Error: tunneling socket could not be established, cause=46912496362368:error:140770FC:SSL routines:SSL23_GET_SERVER_HELLO:unknown protocol:../deps/openssl/openssl/ssl/s23_clnt.c:795:
122 info retry will retry, error on last attempt: Error: tunneling socket could not be established, cause=46912496362368:error:140770FC:SSL routines:SSL23_GET_SERVER_HELLO:unknown protocol:../deps/openssl/openssl/ssl/s23_clnt.c:795:
123 info retry will retry, error on last attempt: Error: tunneling socket could not be established, cause=46912496362368:error:140770FC:SSL routines:SSL23_GET_SERVER_HELLO:unknown protocol:../deps/openssl/openssl/ssl/s23_clnt.c:795:
124 info trying registry request attempt 3 at 09:55:25
125 http GET https://registry.npmjs.org/grunt
126 info trying registry request attempt 3 at 09:55:25
127 http GET https://registry.npmjs.org/grunt-contrib-uglify
128 info trying registry request attempt 3 at 09:55:25
129 http GET https://registry.npmjs.org/grunt-contrib-concat
130 info trying registry request attempt 3 at 09:55:25
131 verbose etag "E3BI2QO4XDSKVDFE2LP5GI0E"
132 http GET https://registry.npmjs.org/grunt-cli
133 info trying registry request attempt 3 at 09:55:25
134 http GET https://registry.npmjs.org/grunt-contrib-jshint
135 silly lockFile cba964e3-grunt-0-4-0 grunt@~0.4.0
136 silly lockFile cba964e3-grunt-0-4-0 grunt@~0.4.0
137 silly registry.get cb [ 304, undefined ]
138 verbose etag https://registry.npmjs.org/grunt-cli from cache
139 silly lockFile dfacc275-grunt-contrib-concat-0-1-3 grunt-contrib-concat@~0.1.3
140 silly lockFile dfacc275-grunt-contrib-concat-0-1-3 grunt-contrib-concat@~0.1.3
141 silly lockFile 2cc6dac2-grunt-contrib-uglify-0-2-0 grunt-contrib-uglify@~0.2.0
142 silly lockFile 2cc6dac2-grunt-contrib-uglify-0-2-0 grunt-contrib-uglify@~0.2.0
143 silly lockFile 7e4447a2-grunt-contrib-jshint-0-3-0 grunt-contrib-jshint@~0.3.0
144 silly lockFile 7e4447a2-grunt-contrib-jshint-0-3-0 grunt-contrib-jshint@~0.3.0
145 silly addNameRange number 2 { name: 'grunt-cli', range: '>=0.1.6-0 <0.2.0-0', hasData: true }
146 silly addNameRange versions [ 'grunt-cli',
146 silly addNameRange   [ '0.1.0',
146 silly addNameRange     '0.1.1',
146 silly addNameRange     '0.1.2',
146 silly addNameRange     '0.1.3',
146 silly addNameRange     '0.1.4',
146 silly addNameRange     '0.1.5',
146 silly addNameRange     '0.1.6',
146 silly addNameRange     '0.1.7',
146 silly addNameRange     '0.1.8',
146 silly addNameRange     '0.1.9',
146 silly addNameRange     '0.1.10',
146 silly addNameRange     '0.1.11',
146 silly addNameRange     '0.1.12',
146 silly addNameRange     '0.1.13' ] ]
147 verbose addNamed [ 'grunt-cli', '0.1.13' ]
148 verbose addNamed [ '0.1.13', '0.1.13' ]
149 silly lockFile 28997503-grunt-cli-0-1-13 grunt-cli@0.1.13
150 verbose lock grunt-cli@0.1.13 /home/webrtc/.npm/28997503-grunt-cli-0-1-13.lock
151 silly lockFile 28997503-grunt-cli-0-1-13 grunt-cli@0.1.13
152 silly lockFile 28997503-grunt-cli-0-1-13 grunt-cli@0.1.13
153 silly lockFile 20815348-grunt-cli-0-1-6 grunt-cli@~0.1.6
154 silly lockFile 20815348-grunt-cli-0-1-6 grunt-cli@~0.1.6
155 error network tunneling socket could not be established, cause=46912496362368:error:140770FC:SSL routines:SSL23_GET_SERVER_HELLO:unknown protocol:../deps/openssl/openssl/ssl/s23_clnt.c:795:
155 error network
155 error network This is most likely not a problem with npm itself
155 error network and is related to network connectivity.
155 error network In most cases you are behind a proxy or have bad network settings.
155 error network
155 error network If you are behind a proxy, please make sure that the
155 error network 'proxy' config is set properly.  See: 'npm help config'
156 error System Linux 3.8.0-23-generic
157 error command "/usr/bin/node" "/usr/bin/npm" "install" "--prefix" "." "--development" "--loglevel" "error"
158 error cwd /home/webrtc/yxian/licode/source/sdk2/scripts
159 error node -v v0.10.33
160 error npm -v 1.4.28
161 error code ECONNRESET
162 verbose exit [ 1, true ]
